feeds 591; running continuous book @ Rs500,000 2022-07-01..2026-06-05 ...
book days=968  avg gross=46.4%

=== CORE-SATELLITE FRONTIER — full PIT-tradeable era 2022-07-01..2026-06-05 (Rs5L, cost-aware book, price-index core) ===
 w_idx |    CAGR   maxDD  Sortino |  ctlCAGR   ctlDD |    FY23p     FY24     FY25    FY26p
  0.00 |   +8.6%  -13.5%     0.68 |    +6.5%    0.0% |    +5.0%   +22.0%    +5.8%    +1.2%  <- current production
  0.20 |   +9.1%  -12.8%     0.82 |    +7.5%   -2.3% |    +6.1%   +23.4%    +5.8%    +0.9%
  0.30 |   +9.4%  -13.1%     0.85 |    +8.0%   -3.8% |    +6.7%   +24.1%    +5.8%    +0.8%
  0.40 |   +9.6%  -13.5%     0.88 |    +8.4%   -5.5% |    +7.2%   +24.8%    +5.8%    +0.6%
  0.50 |   +9.9%  -13.8%     0.89 |    +8.9%   -7.2% |    +7.7%   +25.5%    +5.7%    +0.4%
  0.60 |  +10.1%  -14.2%     0.89 |    +9.3%   -8.8% |    +8.3%   +26.1%    +5.7%    +0.3%
  0.80 |  +10.5%  -15.0%     0.88 |   +10.1%  -12.3% |    +9.2%   +27.4%    +5.5%    -0.2%
  1.00 |  +10.8%  -15.8%     0.84 |   +10.8%  -15.8% |   +10.2%   +28.6%    +5.3%    -0.6%  <- pure index

=== VALIDATION ERA ONLY 2022-07-01..2024-12-31 (halves = sub-period sanity, no sign-flip wanted) ===
 w_idx |    CAGR   maxDD  Sortino | half1 Sor half2 Sor
  0.00 |  +18.1%  -11.4%     1.52 |      0.47      3.04
  0.20 |  +18.2%  -10.2%     1.83 |      1.01      2.62
  0.30 |  +18.3%   -9.7%     1.84 |      1.21      2.40
  0.40 |  +18.3%   -9.1%     1.83 |      1.39      2.21
  0.50 |  +18.3%   -8.6%     1.76 |      1.50      1.98
  0.60 |  +18.3%   -9.1%     1.68 |      1.60      1.75
  0.80 |  +18.2%  -10.0%     1.51 |      1.66      1.43
  1.00 |  +18.0%  -10.9%     1.33 |      1.64      1.11

=== SPENT-SEALED ERA 2025-01-01..2026-06-05 — ILLUSTRATION ONLY (contains the only true crash: 2026Q1 Nifty −14.6%) ===
 w_idx |   total   maxDD | ctl total   ctlDD
  0.00 |   -8.7%  -13.5% |     +9.2%    0.0%
  0.20 |   -7.1%  -12.5% |     +7.2%   -2.3%
  0.30 |   -6.4%  -12.0% |     +6.2%   -3.8%
  0.40 |   -5.6%  -11.5% |     +5.2%   -5.5%
  0.50 |   -4.8%  -11.8% |     +4.2%   -7.2%
  0.60 |   -4.1%  -12.4% |     +3.2%   -8.8%
  0.80 |   -2.6%  -13.7% |     +1.0%  -12.0%
  1.00 |   -1.2%  -15.2% |     -1.2%  -15.2%
  Nifty50 over this window: -1.2%  maxDD -15.2%

NOTE: index leg is the PRICE index — NIFTYBEES tracks TOTAL return (~+1.2%/yr extra, uncounted). All biases run against the blend.
DONE
